<?xml version="1.0" encoding="UTF-8"?>
<testsuites id="" name="" tests="1" failures="1" skipped="0" errors="0" time="1.1">
    <testsuite name="test_class" timestamp="2024-01-01T00:00:00Z" hostname="local" tests="1" failures="1" skipped="0" time="1.1" errors="0">
        <testcase name="test_failure" classname="test_class" time="1.1">
            <failure message="test_class:1:1 test_failure" type="FAILURE">
                Error Msg
            </failure>
            <system-out>
                <![CDATA[
[[ATTACHMENT|../test_class/test_failure/trace.zip]]

[[ATTACHMENT|../test_class/test_failure-retry1/trace.zip]]
]]>
            </system-out>
        </testcase>
    </testsuite>
</testsuites>
