<?xml version="1.0" encoding="UTF-8"?>
<testsuites id="" name="" tests="1" failures="0" skipped="0" errors="0" time="1.3">
    <testsuite name="test_class" timestamp="2024-01-03T00:00:00Z" hostname="local" tests="1" failures="0" skipped="0" time="1.3" errors="0">
        <testcase name="test_retry" classname="test_class" time="1.3">
            <system-out>
            <![CDATA[
            [[ATTACHMENT|../test_class/test_retry/trace.zip]]
            ]]>
            </system-out>
        </testcase>
    </testsuite>
</testsuites>
