<?xml version="1.0" encoding="UTF-8"?>
<testsuites id="" name="" tests="1" failures="0" skipped="1" errors="0" time="1.2">
    <testsuite name="test_class" timestamp="2024-01-02T00:00:00Z" hostname="local" tests="1" failures="0" skipped="1" time="1.2" errors="0">
        <testcase name="test_fixme" classname="test_class" time="1.2">
            <properties>
                <property name="fixme" value="see JIRA-0000">
                </property>
            </properties>
            <skipped>
            </skipped>
        </testcase>
    </testsuite>
</testsuites>
